Start testing: May 16 08:29 UTC
----------------------------------------------------------
1/1 Testing: qaws_tests
1/1 Test: qaws_tests
Command: "/home/runner/work/qaws/qaws/build_test/tests/qaws_tests"
Directory: /home/runner/work/qaws/qaws/build_test/tests
"qaws_tests" start time: May 16 08:29 UTC
Output:
----------------------------------------------------------
========================================
Qaws Unit Test Runner
========================================


========================================
Running test suite: 00_status
========================================
test_status
[PASS] Test suite '00_status' passed

========================================
Running test suite: 01_bezier
========================================
test_bezier_linear
test_bezier_cubic
test_bezier_3d
test_bezier_derivatives
test_evaluate_span
[PASS] Test suite '01_bezier' passed

========================================
Running test suite: 02_hermite
========================================
test_hermite
test_hermite_3d
[PASS] Test suite '02_hermite' passed

========================================
Running test suite: 03_catmull_rom
========================================
test_catmull_rom
test_catmull_rom_variants
[PASS] Test suite '03_catmull_rom' passed

========================================
Running test suite: 04_bspline
========================================
test_bspline
test_bspline_custom_knots
[PASS] Test suite '04_bspline' passed

========================================
Running test suite: 05_nurbs
========================================
test_nurbs
[PASS] Test suite '05_nurbs' passed

========================================
Running test suite: 06_trajectory
========================================
test_trajectory
[PASS] Test suite '06_trajectory' passed

========================================
Running test suite: 07_yuksel
========================================
test_yuksel_bezier_mode
test_yuksel_closed
test_yuksel_circular_mode
test_yuksel_elliptical_mode
test_yuksel_hybrid_mode
test_yuksel_3d
test_yuksel_error_handling
test_yuksel_3d_circular
07_yuksel: 179 passed, 0 failed
[PASS] Test suite '07_yuksel' passed

========================================
Running test suite: 08_rational_bezier
========================================
test_rational_bezier
08_rational_bezier: 21 passed, 0 failed
[PASS] Test suite '08_rational_bezier' passed

========================================
Running test suite: 09_arc
========================================
test_arc
09_arc: 27 passed, 0 failed
[PASS] Test suite '09_arc' passed

========================================
Running test suite: 10_polynomial
========================================
test_polynomial
10_polynomial: 23 passed, 0 failed
[PASS] Test suite '10_polynomial' passed

========================================
Running test suite: 11_clothoid
========================================
test_clothoid
11_clothoid: 21 passed, 0 failed
[PASS] Test suite '11_clothoid' passed

========================================
Running test suite: 12_subdivision
========================================
test_subdivision
12_subdivision: 21 passed, 0 failed
[PASS] Test suite '12_subdivision' passed

========================================
Running test suite: 13_composite
========================================
test_composite
13_composite: 16 passed, 0 failed
[PASS] Test suite '13_composite' passed

========================================
Running test suite: 14_evaluation
========================================
test_arc_length
test_inspection_flags
test_bounds_3d
test_precomputed_coefficients
14_evaluation: 54 passed, 0 failed
[PASS] Test suite '14_evaluation' passed

========================================
Running test suite: 15_sampling
========================================
test_sampling
test_sampling_extended
test_adaptive_eval_sampling
test_adaptive_sampling
test_curvature_weighted_sampling
test_feature_preserving_sampling
test_streaming_sampling
15_sampling: 197 passed, 0 failed
[PASS] Test suite '15_sampling' passed

========================================
Running test suite: 16_traversal
========================================
test_traversal
test_traversal_mappings
test_traversal_arc_length_mode
test_traversal_3d
test_easing
test_wrap_modes
test_traversal_advance
test_multi_curve_traversal
test_scurve_profile
test_custom_speed
16_traversal: 197 passed, 0 failed
[PASS] Test suite '16_traversal' passed

========================================
Running test suite: 17_inspection
========================================
test_inspect
test_closest_point
test_span_continuity
test_family_inspection
test_frenet_frame
test_geometric_helpers
test_inflection_points
test_extrema
test_curvature_comb
test_winding_number
17_inspection: 175 passed, 0 failed
[PASS] Test suite '17_inspection' passed

========================================
Running test suite: 18_operations
========================================
test_curve_reverse
test_curve_split
test_curve_join
test_curve_offset
18_operations: 143 passed, 0 failed
[PASS] Test suite '18_operations' passed

========================================
Running test suite: 19_conversion
========================================
test_family_conversion
test_degree_elevation
test_degree_reduction
19_conversion: 132 passed, 0 failed
[PASS] Test suite '19_conversion' passed

========================================
Running test suite: 20_intersection
========================================
test_self_intersection
test_curve_curve_intersection
20_intersection: 40 passed, 0 failed
[PASS] Test suite '20_intersection' passed

========================================
Running test suite: 21_export_import
========================================
test_bspline_fitting
test_arc_length_reparam
test_svg_export_comparison
  -> tests_output/svg_export_comparison.svg
test_polyline_import
21_export_import: 82 passed, 0 failed
[PASS] Test suite '21_export_import' passed

========================================
Running test suite: 22_surfaces
========================================
test_surface_bezier
test_surface_bspline
test_surface_nurbs
test_surface_error_handling
test_surface_ruled
test_surface_swept
22_surfaces: 69 passed, 0 failed
[PASS] Test suite '22_surfaces' passed

========================================
Running test suite: 23_performance
========================================
test_svg_batch_eval
  -> tests_output/batch_eval.svg
test_batch_eval
test_custom_allocator
test_inline_curves
23_performance: 61 passed, 0 failed
[PASS] Test suite '23_performance' passed

========================================
Running test suite: 24_error_handling
========================================
test_error_handling
24_error_handling: 8 passed, 0 failed
[PASS] Test suite '24_error_handling' passed

========================================
Running test suite: 25_svg_curves
========================================
test_svg_circle
  -> tests_output/circle.svg
test_svg_lemniscate
  -> tests_output/lemniscate.svg
test_svg_bezier_s
  -> tests_output/bezier_s_curve.svg
test_svg_catmull_rom_wave
  -> tests_output/catmull_rom_wave.svg
test_svg_bspline
  -> tests_output/bspline.svg
test_svg_nurbs_ellipse
  -> tests_output/nurbs_ellipse.svg
test_svg_hermite_figure8
  -> tests_output/hermite_figure8.svg
test_svg_all_families
  -> tests_output/all_families.svg
test_svg_yuksel_bezier
  -> tests_output/yuksel_bezier.svg
test_svg_yuksel_modes
  -> tests_output/yuksel_modes.svg
test_svg_yuksel_vs_catmull
  -> tests_output/yuksel_vs_catmull.svg
[PASS] Test suite '25_svg_curves' passed

========================================
Running test suite: 26_svg_operations
========================================
test_svg_curve_reverse
  -> tests_output/curve_reverse.svg
test_svg_curve_split
  -> tests_output/curve_split.svg
test_svg_curve_join
  -> tests_output/curve_join.svg
test_svg_degree_elevation
  -> tests_output/degree_elevation.svg
test_svg_family_conversion
  -> tests_output/family_conversion.svg
test_svg_easing_curves
  -> tests_output/easing_curves.svg
test_svg_adaptive_sampling
  -> tests_output/adaptive_sampling.svg
test_svg_bspline_fitting
  -> tests_output/bspline_fitting.svg
test_svg_arc_length_reparam
  -> tests_output/arc_length_reparam.svg
test_svg_degree_reduction
  -> tests_output/degree_reduction.svg
[PASS] Test suite '26_svg_operations' passed

========================================
Running test suite: 27_svg_analysis
========================================
test_svg_inflection_points
  -> tests_output/inflection_points.svg
test_svg_extrema
  -> tests_output/extrema.svg
test_svg_curvature_comb
  -> tests_output/curvature_comb.svg
test_svg_winding_number
  -> tests_output/winding_number.svg
test_svg_curvature_weighted
  -> tests_output/curvature_weighted.svg
test_svg_feature_preserving
  -> tests_output/feature_preserving.svg
test_svg_multi_traversal
  -> tests_output/multi_traversal.svg
test_svg_frenet_frame
  -> tests_output/frenet_frame.svg
test_svg_self_intersection
  -> tests_output/self_intersection.svg
test_svg_curve_curve_intersection
  -> tests_output/curve_curve_intersection.svg
test_svg_offset
  -> tests_output/curve_offset.svg
test_svg_offset_closed
  -> tests_output/offset_closed.svg
test_svg_offset_selfintersect
  -> tests_output/offset_selfintersect.svg
[PASS] Test suite '27_svg_analysis' passed

========================================
Running test suite: 28_svg_families
========================================
test_svg_rational_bezier
  -> tests_output/rational_bezier.svg
test_svg_composite
  -> tests_output/composite.svg
test_svg_arc
  -> tests_output/arc.svg
test_svg_polynomial
  -> tests_output/polynomial.svg
test_svg_clothoid
  -> tests_output/clothoid.svg
test_svg_subdivision
  -> tests_output/subdivision.svg
test_svg_all_new_families
  -> tests_output/all_new_families.svg
[PASS] Test suite '28_svg_families' passed

========================================
Running test suite: 29_obj_curves
========================================
test_obj_helix
  -> tests_output/helix.obj
test_obj_trefoil_knot
  -> tests_output/trefoil_knot.obj
test_obj_3d_intersection
  -> tests_output/intersection_3d.obj
test_obj_3d_families
  -> tests_output/families_3d.obj
test_obj_3d_curvature_comb
  -> tests_output/curvature_comb_3d.obj
test_obj_3d_traversal
  -> tests_output/traversal_3d.obj
test_obj_3d_torus_knot
  -> tests_output/torus_knot.obj
[PASS] Test suite '29_obj_curves' passed

========================================
Running test suite: 30_obj_surfaces
========================================
test_obj_surface_bezier
  -> tests_output/surface_bezier.obj
test_obj_surface_bspline
  -> tests_output/surface_bspline.obj
test_obj_surface_nurbs
  -> tests_output/surface_nurbs.obj
test_obj_surface_gallery
  -> tests_output/surface_gallery.obj
test_obj_surface_ruled
  -> tests_output/surface_ruled.obj
test_obj_surface_swept
  -> tests_output/surface_swept.obj
[PASS] Test suite '30_obj_surfaces' passed

========================================
Overall Results
========================================
Test suites passed: 31
Test suites failed: 0
Total test suites:  31
========================================

All tests PASSED!
<end of output>
Test time =   0.11 sec
----------------------------------------------------------
Test Passed.
"qaws_tests" end time: May 16 08:29 UTC
"qaws_tests" time elapsed: 00:00:00
----------------------------------------------------------

End testing: May 16 08:29 UTC
